<?xml version="1.0" encoding="UTF-8"?>
<testng-results ignored="0" total="2" passed="2" failed="0" skipped="0">
  <reporter-output>
  </reporter-output>
  <suite started-at="2024-01-11T00:18:28 IST" name="Default suite" finished-at="2024-01-11T00:18:37 IST" duration-ms="9516">
    <groups>
    </groups>
    <test started-at="2024-01-11T00:18:28 IST" name="Default test" finished-at="2024-01-11T00:18:37 IST" duration-ms="9516">
      <class name="demo.TestCase">
        <test-method signature="LaunchBrowser()[pri:0, instance:demo.TestCase@6989da5e]" started-at="2024-01-11T00:18:28 IST" name="LaunchBrowser" finished-at="2024-01-11T00:18:33 IST" duration-ms="5642" status="PASS">
          <reporter-output>
          </reporter-output>
        </test-method> <!-- LaunchBrowser -->
        <test-method signature="LoginFunction()[pri:0, instance:demo.TestCase@6989da5e]" started-at="2024-01-11T00:18:33 IST" name="LoginFunction" finished-at="2024-01-11T00:18:37 IST" duration-ms="3783" status="PASS">
          <reporter-output>
          </reporter-output>
        </test-method> <!-- LoginFunction -->
      </class> <!-- demo.TestCase -->
    </test> <!-- Default test -->
  </suite> <!-- Default suite -->
</testng-results>
